# JRE version: Java(TM) SE Runtime Environment (8.0_361) (build 1.8.0_361-b09)
# Java VM: Java HotSpot(TM) 64-Bit Server VM (25.361-b09 mixed mode linux-amd64 compressed oops)
Heap:
 PSYoungGen      total 345600K, used 96K [0x00000000d7580000, 0x00000000ed100000, 0x0000000100000000)
  eden space 335360K, 0% used [0x00000000d7580000,0x00000000d7580000,0x00000000ebd00000)
  from space 10240K, 0% used [0x00000000ebd00000,0x00000000ebd18000,0x00000000ec700000)
  to   space 3072K, 0% used [0x00000000ece00000,0x00000000ece00000,0x00000000ed100000)
 ParOldGen       total 285184K, used 114642K [0x0000000086000000, 0x0000000097680000, 0x00000000d7580000)
  object space 285184K, 40% used [0x0000000086000000,0x000000008cff4b68,0x0000000097680000)
 Metaspace       used 30128K, capacity 30488K, committed 30976K, reserved 1077248K
  class space    used 3388K, capacity 3510K, committed 3584K, reserved 1048576K
GC Heap History (10 events):
Event: 4.221 GC heap after
Heap after GC invocations=6 (full 1):
 PSYoungGen      total 130048K, used 5119K [0x00000000d7580000, 0x00000000e3f80000, 0x0000000100000000)
  eden space 124928K, 0% used [0x00000000d7580000,0x00000000d7580000,0x00000000def80000)
  from space 5120K, 99% used [0x00000000def80000,0x00000000df47fca8,0x00000000df480000)
  to   space 8704K, 0% used [0x00000000e3700000,0x00000000e3700000,0x00000000e3f80000)
 ParOldGen       total 56320K, used 8686K [0x0000000086000000, 0x0000000089700000, 0x00000000d7580000)
  object space 56320K, 15% used [0x0000000086000000,0x000000008687b800,0x0000000089700000)
 Metaspace       used 28017K, capacity 28330K, committed 28672K, reserved 1075200K
  class space    used 3185K, capacity 3283K, committed 3328K, reserved 1048576K
}
Event: 4.486 GC heap before
{Heap before GC invocations=7 (full 1):
 PSYoungGen      total 130048K, used 130047K [0x00000000d7580000, 0x00000000e3f80000, 0x0000000100000000)
  eden space 124928K, 100% used [0x00000000d7580000,0x00000000def80000,0x00000000def80000)
  from space 5120K, 99% used [0x00000000def80000,0x00000000df47fca8,0x00000000df480000)
  to   space 8704K, 0% used [0x00000000e3700000,0x00000000e3700000,0x00000000e3f80000)
 ParOldGen       total 56320K, used 8686K [0x0000000086000000, 0x0000000089700000, 0x00000000d7580000)
  object space 56320K, 15% used [0x0000000086000000,0x000000008687b800,0x0000000089700000)
 Metaspace       used 28900K, capacity 29240K, committed 29568K, reserved 1075200K
  class space    used 3293K, capacity 3414K, committed 3456K, reserved 1048576K
Event: 4.939 GC heap after
Heap after GC invocations=7 (full 1):
 PSYoungGen      total 197632K, used 3692K [0x00000000d7580000, 0x00000000e7080000, 0x0000000100000000)
  eden space 188928K, 0% used [0x00000000d7580000,0x00000000d7580000,0x00000000e2e00000)
  from space 8704K, 42% used [0x00000000e3700000,0x00000000e3a9b070,0x00000000e3f80000)
  to   space 9216K, 0% used [0x00000000e2e00000,0x00000000e2e00000,0x00000000e3700000)
 ParOldGen       total 262144K, used 213494K [0x0000000086000000, 0x0000000096000000, 0x00000000d7580000)
  object space 262144K, 81% used [0x0000000086000000,0x000000009307d820,0x0000000096000000)
 Metaspace       used 28900K, capacity 29240K, committed 29568K, reserved 1075200K
  class space    used 3293K, capacity 3414K, committed 3456K, reserved 1048576K
}
Event: 4.939 GC heap before
{Heap before GC invocations=8 (full 2):
 PSYoungGen      total 197632K, used 3692K [0x00000000d7580000, 0x00000000e7080000, 0x0000000100000000)
  eden space 188928K, 0% used [0x00000000d7580000,0x00000000d7580000,0x00000000e2e00000)
  from space 8704K, 42% used [0x00000000e3700000,0x00000000e3a9b070,0x00000000e3f80000)
  to   space 9216K, 0% used [0x00000000e2e00000,0x00000000e2e00000,0x00000000e3700000)
 ParOldGen       total 262144K, used 213494K [0x0000000086000000, 0x0000000096000000, 0x00000000d7580000)
  object space 262144K, 81% used [0x0000000086000000,0x000000009307d820,0x0000000096000000)
 Metaspace       used 28900K, capacity 29240K, committed 29568K, reserved 1075200K
  class space    used 3293K, capacity 3414K, committed 3456K, reserved 1048576K
Event: 5.044 GC heap after
Heap after GC invocations=8 (full 2):
 PSYoungGen      total 197632K, used 0K [0x00000000d7580000, 0x00000000e7080000, 0x0000000100000000)
  eden space 188928K, 0% used [0x00000000d7580000,0x00000000d7580000,0x00000000e2e00000)
  from space 8704K, 0% used [0x00000000e3700000,0x00000000e3700000,0x00000000e3f80000)
  to   space 9216K, 0% used [0x00000000e2e00000,0x00000000e2e00000,0x00000000e3700000)
 ParOldGen       total 285184K, used 114618K [0x0000000086000000, 0x0000000097680000, 0x00000000d7580000)
  object space 285184K, 40% used [0x0000000086000000,0x000000008cfeeb58,0x0000000097680000)
 Metaspace       used 28900K, capacity 29240K, committed 29568K, reserved 1075200K
  class space    used 3293K, capacity 3414K, committed 3456K, reserved 1048576K
}
Event: 8.364 GC heap before
{Heap before GC invocations=9 (full 2):
 PSYoungGen      total 197632K, used 188928K [0x00000000d7580000, 0x00000000e7080000, 0x0000000100000000)
  eden space 188928K, 100% used [0x00000000d7580000,0x00000000e2e00000,0x00000000e2e00000)
  from space 8704K, 0% used [0x00000000e3700000,0x00000000e3700000,0x00000000e3f80000)
  to   space 9216K, 0% used [0x00000000e2e00000,0x00000000e2e00000,0x00000000e3700000)
 ParOldGen       total 285184K, used 114618K [0x0000000086000000, 0x0000000097680000, 0x00000000d7580000)
  object space 285184K, 40% used [0x0000000086000000,0x000000008cfeeb58,0x0000000097680000)
 Metaspace       used 30096K, capacity 30424K, committed 30720K, reserved 1077248K
  class space    used 3388K, capacity 3510K, committed 3584K, reserved 1048576K
Event: 8.380 GC heap after
Heap after GC invocations=9 (full 2):
 PSYoungGen      total 198144K, used 1310K [0x00000000d7580000, 0x00000000ed780000, 0x0000000100000000)
  eden space 188928K, 0% used [0x00000000d7580000,0x00000000d7580000,0x00000000e2e00000)
  from space 9216K, 14% used [0x00000000e2e00000,0x00000000e2f47ae8,0x00000000e3700000)
  to   space 9728K, 0% used [0x00000000ece00000,0x00000000ece00000,0x00000000ed780000)
 ParOldGen       total 285184K, used 114634K [0x0000000086000000, 0x0000000097680000, 0x00000000d7580000)
  object space 285184K, 40% used [0x0000000086000000,0x000000008cff2b68,0x0000000097680000)
 Metaspace       used 30096K, capacity 30424K, committed 30720K, reserved 1077248K
  class space    used 3388K, capacity 3510K, committed 3584K, reserved 1048576K
}
Event: 8.594 GC heap before
{Heap before GC invocations=10 (full 2):
 PSYoungGen      total 198144K, used 190238K [0x00000000d7580000, 0x00000000ed780000, 0x0000000100000000)
  eden space 188928K, 100% used [0x00000000d7580000,0x00000000e2e00000,0x00000000e2e00000)
  from space 9216K, 14% used [0x00000000e2e00000,0x00000000e2f47ae8,0x00000000e3700000)
  to   space 9728K, 0% used [0x00000000ece00000,0x00000000ece00000,0x00000000ed780000)
 ParOldGen       total 285184K, used 114634K [0x0000000086000000, 0x0000000097680000, 0x00000000d7580000)
  object space 285184K, 40% used [0x0000000086000000,0x000000008cff2b68,0x0000000097680000)
 Metaspace       used 30104K, capacity 30488K, committed 30976K, reserved 1077248K
  class space    used 3388K, capacity 3510K, committed 3584K, reserved 1048576K
Event: 8.599 GC heap after
Heap after GC invocations=10 (full 2):
 PSYoungGen      total 338432K, used 192K [0x00000000d7580000, 0x00000000ed100000, 0x0000000100000000)
  eden space 335360K, 0% used [0x00000000d7580000,0x00000000d7580000,0x00000000ebd00000)
  from space 3072K, 6% used [0x00000000ece00000,0x00000000ece30000,0x00000000ed100000)
  to   space 10240K, 0% used [0x00000000ebd00000,0x00000000ebd00000,0x00000000ec700000)
 ParOldGen       total 285184K, used 114642K [0x0000000086000000, 0x0000000097680000, 0x00000000d7580000)
  object space 285184K, 40% used [0x0000000086000000,0x000000008cff4b68,0x0000000097680000)
 Metaspace       used 30104K, capacity 30488K, committed 30976K, reserved 1077248K
  class space    used 3388K, capacity 3510K, committed 3584K, reserved 1048576K
}
Event: 10.070 GC heap before
{Heap before GC invocations=11 (full 2):
 PSYoungGen      total 338432K, used 335552K [0x00000000d7580000, 0x00000000ed100000, 0x0000000100000000)
  eden space 335360K, 100% used [0x00000000d7580000,0x00000000ebd00000,0x00000000ebd00000)
  from space 3072K, 6% used [0x00000000ece00000,0x00000000ece30000,0x00000000ed100000)
  to   space 10240K, 0% used [0x00000000ebd00000,0x00000000ebd00000,0x00000000ec700000)
 ParOldGen       total 285184K, used 114642K [0x0000000086000000, 0x0000000097680000, 0x00000000d7580000)
  object space 285184K, 40% used [0x0000000086000000,0x000000008cff4b68,0x0000000097680000)
 Metaspace       used 30128K, capacity 30488K, committed 30976K, reserved 1077248K
  class space    used 3388K, capacity 3510K, committed 3584K, reserved 1048576K

